[2025-09-12T14:59:06.550Z] INFO: Started refreshing application (/) commands.
[2025-09-12T14:59:06.849Z] ERROR: Failed to register commands | {"error":{"requestBody":{"json":[{"options":[{"channel_types":[0,2],"name":"channel","description":"The channel to create the invite for","required":true,"type":7},{"max_value":100,"min_value":1,"type":4,"name":"max_uses","description":"Maximum number of uses (optional)","required":false},{"max_value":168,"min_value":1,"type":4,"name":"expires_in","description":"Expiration time in hours (optional)","required":false}],"name":"create-invite","description":"Create a new invite link for tracking","type":1},{"options":[],"name":"check-invites","description":"Check your invite statistics","type":1},{"options":[{"type":3,"name":"invite_code","description":"Specific invite code to check (optional)","required":false}],"name":"list-users","description":"List users who joined using your invites","type":1},{"options":[{"max_value":25,"min_value":1,"type":4,"name":"limit","description":"Number of users to show (default: 10)","required":false}],"name":"leaderboard","description":"Show the invite leaderboard","type":1}]},"rawError":{"message":"Unknown Application","code":10002},"code":10002,"status":404,"method":"PUT","url":"https://discord.com/api/v10/applications/292139809541980160/guilds/1403162654503342222/commands"}}
[2025-09-12T14:59:06.850Z] ERROR: Failed to register commands | {"error":{"requestBody":{"json":[{"options":[{"channel_types":[0,2],"name":"channel","description":"The channel to create the invite for","required":true,"type":7},{"max_value":100,"min_value":1,"type":4,"name":"max_uses","description":"Maximum number of uses (optional)","required":false},{"max_value":168,"min_value":1,"type":4,"name":"expires_in","description":"Expiration time in hours (optional)","required":false}],"name":"create-invite","description":"Create a new invite link for tracking","type":1},{"options":[],"name":"check-invites","description":"Check your invite statistics","type":1},{"options":[{"type":3,"name":"invite_code","description":"Specific invite code to check (optional)","required":false}],"name":"list-users","description":"List users who joined using your invites","type":1},{"options":[{"max_value":25,"min_value":1,"type":4,"name":"limit","description":"Number of users to show (default: 10)","required":false}],"name":"leaderboard","description":"Show the invite leaderboard","type":1}]},"rawError":{"message":"Unknown Application","code":10002},"code":10002,"status":404,"method":"PUT","url":"https://discord.com/api/v10/applications/292139809541980160/guilds/1403162654503342222/commands"}}
[2025-09-12T15:00:30.646Z] INFO: Started refreshing application (/) commands.
[2025-09-12T15:00:31.133Z] INFO: Successfully reloaded application (/) commands.
[2025-09-12T15:00:31.953Z] INFO: Bot logged in successfully
[2025-09-12T15:00:31.960Z] INFO: Bot is ready | {"username":"Invite Tracking#0422"}
[2025-09-12T15:00:49.565Z] INFO: Invite created | {"creatorId":"1416074389991981256","code":"NfCH5zkBYZ","channelId":"1403162656780849175"}
[2025-09-12T15:00:49.619Z] ERROR: Failed to create invite | {"error":{"code":"SQLITE_CONSTRAINT_UNIQUE","errno":2067,"byteOffset":-1},"userId":"292139809541980160"}
[2025-09-12T15:02:23.810Z] INFO: Invite used | {"inviteId":"d8cea0f7-b106-4eb7-b42f-7e2ee6154d72","userId":"314640666623868928"}
[2025-09-12T15:02:23.811Z] INFO: User joined guild | {"userId":"314640666623868928","inviteCode":"NfCH5zkBYZ"}
[2025-09-12T15:05:47.657Z] INFO: Command executed | {"command":"leaderboard","userId":"292139809541980160","guildId":"1403162654503342222"}
[2025-09-12T15:06:40.205Z] INFO: Started refreshing application (/) commands.
[2025-09-12T15:06:40.476Z] INFO: Successfully reloaded application (/) commands.
[2025-09-12T15:06:41.148Z] INFO: Bot logged in successfully
[2025-09-12T15:06:41.150Z] INFO: Bot is ready | {"username":"Invite Tracking#0422"}
[2025-09-12T15:07:00.664Z] INFO: Command executed | {"command":"leaderboard","userId":"292139809541980160","guildId":"1403162654503342222"}
[2025-09-12T15:07:00.666Z] INFO: Command executed | {"command":"leaderboard","userId":"292139809541980160","guildId":"1403162654503342222"}
[2025-09-12T15:07:00.894Z] ERROR: Failed to get leaderboard | {"error":{"requestBody":{"files":[],"json":{"type":4,"data":{"tts":false,"enforce_nonce":false,"embeds":[{"title":"🏆 Invite Leaderboard","color":16766720,"description":"Top inviters by total uses","timestamp":"2025-09-12T15:07:00.664Z","fields":[{"name":"Rankings","value":"🥇 <@1416074389991981256> - **1** uses (1 invites)","inline":false}]}]}}},"rawError":{"message":"Unknown interaction","code":10062},"code":10062,"status":404,"method":"POST","url":"https://discord.com/api/v10/interactions/1416077646835744939/aW50ZXJhY3Rpb246MTQxNjA3NzY0NjgzNTc0NDkzOTpiTWdxMTVuZVc0Q0R3RU9oVkgyU0ZrTGl3a0pXNldFRXFDaFhaOVczNU52WlZVa09GU3N0b24xT3FkZEtPbEhNWVFhSjNWaE41REluZEM1c0FTOEl4QkFYNG5mRzRuWWF0SWJhZ3JMSG5Sd0NNa2d2U2NTYUhTcHFHUGxrWEJBaA/callback?with_response=false"},"userId":"292139809541980160"}
[2025-09-12T15:07:01.062Z] ERROR: Command execution failed | {"error":{"requestBody":{"files":[],"json":{"type":4,"data":{"content":"❌ Failed to retrieve leaderboard. Please try again.","tts":false,"enforce_nonce":false,"flags":64}}},"rawError":{"message":"Interaction has already been acknowledged.","code":40060},"code":40060,"status":400,"method":"POST","url":"https://discord.com/api/v10/interactions/1416077646835744939/aW50ZXJhY3Rpb246MTQxNjA3NzY0NjgzNTc0NDkzOTpiTWdxMTVuZVc0Q0R3RU9oVkgyU0ZrTGl3a0pXNldFRXFDaFhaOVczNU52WlZVa09GU3N0b24xT3FkZEtPbEhNWVFhSjNWaE41REluZEM1c0FTOEl4QkFYNG5mRzRuWWF0SWJhZ3JMSG5Sd0NNa2d2U2NTYUhTcHFHUGxrWEJBaA/callback?with_response=false"},"commandName":"leaderboard"}
[2025-09-12T15:08:25.356Z] INFO: Started refreshing application (/) commands.
[2025-09-12T15:08:25.698Z] INFO: Successfully reloaded application (/) commands.
[2025-09-12T15:08:26.390Z] INFO: Bot logged in successfully
[2025-09-12T15:08:26.395Z] INFO: Bot is ready | {"username":"Invite Tracking#0422"}
[2025-09-12T15:08:29.875Z] INFO: Received SIGINT, shutting down gracefully...
[2025-09-12T15:09:04.800Z] INFO: Started refreshing application (/) commands.
[2025-09-12T15:09:05.084Z] INFO: Successfully reloaded application (/) commands.
[2025-09-12T15:09:05.792Z] INFO: Bot logged in successfully
[2025-09-12T15:09:05.821Z] INFO: Bot is ready | {"username":"Invite Tracking#0422"}
[2025-09-12T15:09:24.559Z] INFO: Received SIGTERM, shutting down gracefully...
[2025-09-12T15:09:30.093Z] INFO: Received SIGTERM, shutting down gracefully...
[2025-09-12T15:09:37.004Z] INFO: Started refreshing application (/) commands.
[2025-09-12T15:09:37.376Z] INFO: Successfully reloaded application (/) commands.
[2025-09-12T15:09:38.298Z] INFO: Bot logged in successfully
[2025-09-12T15:09:38.302Z] INFO: Bot is ready | {"username":"Invite Tracking#0422"}
[2025-09-12T15:09:46.760Z] INFO: Command executed | {"command":"leaderboard","userId":"292139809541980160","guildId":"1403162654503342222"}
[2025-09-12T15:09:55.359Z] INFO: Invite created | {"creatorId":"1416074389991981256","code":"e6sbumQv5N","channelId":"1403162656780849175"}
[2025-09-12T15:09:55.424Z] ERROR: Failed to create invite | {"error":{},"userId":"292139809541980160"}
[2025-09-12T15:14:02.551Z] INFO: Received SIGINT, shutting down gracefully...
[2025-09-12T15:14:03.535Z] INFO: Started refreshing application (/) commands.
[2025-09-12T15:14:03.888Z] INFO: Successfully reloaded application (/) commands.
[2025-09-12T15:14:04.625Z] INFO: Bot logged in successfully
[2025-09-12T15:14:04.630Z] INFO: Bot is ready | {"username":"Invite Tracking#0422"}
[2025-09-12T15:14:14.421Z] INFO: Invite created | {"creatorId":"292139809541980160","code":"e6sbumQv5N","channelId":"1403162656780849175"}
[2025-09-12T15:14:14.422Z] INFO: Command executed | {"command":"create-invite","userId":"292139809541980160","guildId":"1403162654503342222"}
[2025-09-12T15:14:33.586Z] ERROR: Database error during invite creation | {"error":{},"userId":"314640666623868928","inviteCode":"e6sbumQv5N"}
[2025-09-12T15:15:21.817Z] INFO: Invite created | {"creatorId":"292139809541980160","code":"NfCH5zkBYZ","channelId":"1403162656780849175"}
[2025-09-12T15:15:21.817Z] INFO: Command executed | {"command":"create-invite","userId":"292139809541980160","guildId":"1403162654503342222"}
[2025-09-12T15:15:45.603Z] ERROR: Database error during invite creation | {"error":{},"userId":"292139809541980160","inviteCode":"NfCH5zkBYZ"}
[2025-09-12T15:15:51.236Z] INFO: Invite created | {"creatorId":"292139809541980160","code":"mCZ8naRuXQ","channelId":"1403162656780849175"}
[2025-09-12T15:15:51.236Z] INFO: Command executed | {"command":"create-invite","userId":"292139809541980160","guildId":"1403162654503342222"}
[2025-09-12T15:18:10.809Z] INFO: Received SIGINT, shutting down gracefully...
[2025-09-12T15:20:31.217Z] INFO: Started refreshing application (/) commands.
[2025-09-12T15:20:31.580Z] INFO: Successfully reloaded application (/) commands.
[2025-09-12T15:20:32.305Z] INFO: Bot logged in successfully
[2025-09-12T15:20:32.310Z] INFO: Bot is ready | {"username":"Invite Tracking#0422"}
[2025-09-12T15:20:50.614Z] INFO: Invite created | {"creatorId":"292139809541980160","code":"f8zY8bppnD","channelId":"1403162656780849175"}
[2025-09-12T15:20:50.932Z] INFO: Command executed | {"command":"create-invite","userId":"292139809541980160","guildId":"1403162654503342222"}
[2025-09-12T15:20:52.954Z] INFO: Command executed | {"command":"check-invites","userId":"292139809541980160","guildId":"1403162654503342222"}
[2025-09-12T15:21:18.303Z] INFO: Command executed | {"command":"leaderboard","userId":"292139809541980160","guildId":"1403162654503342222"}
[2025-09-12T15:21:30.366Z] INFO: Invite created | {"creatorId":"314640666623868928","code":"FV4gex3Ge3","channelId":"1403162656780849175"}
[2025-09-12T15:21:30.763Z] INFO: Command executed | {"command":"create-invite","userId":"314640666623868928","guildId":"1403162654503342222"}
[2025-09-12T15:21:34.451Z] INFO: Command executed | {"command":"leaderboard","userId":"292139809541980160","guildId":"1403162654503342222"}
[2025-09-12T15:22:15.094Z] INFO: Received SIGINT, shutting down gracefully...
[2025-09-12T15:30:30.298Z] INFO: Started refreshing application (/) commands.
[2025-09-12T15:30:30.623Z] INFO: Successfully reloaded application (/) commands.
[2025-09-12T15:30:31.232Z] INFO: Bot logged in successfully
[2025-09-12T15:30:31.235Z] INFO: Bot is ready | {"username":"Invite Tracking#0422"}
[2025-09-12T15:31:10.232Z] ERROR: Failed to view invite | {"error":{},"userId":"292139809541980160"}
[2025-09-12T15:31:17.921Z] ERROR: Failed to get admin invites | {"error":{"errno":1,"byteOffset":51},"userId":"292139809541980160"}
[2025-09-12T15:31:47.924Z] INFO: Received SIGTERM, shutting down gracefully...
[2025-09-12T15:35:13.869Z] INFO: Started refreshing application (/) commands.
[2025-09-12T15:35:14.130Z] INFO: Successfully reloaded application (/) commands.
[2025-09-12T15:35:15.579Z] INFO: Bot logged in successfully
[2025-09-12T15:35:15.585Z] INFO: Bot is ready | {"username":"Invite Tracking#0422"}
[2025-09-12T16:07:46.472Z] INFO: Loaded 6 commands
[2025-09-12T16:07:46.475Z] INFO: Loaded 4 events
[2025-09-12T16:07:46.476Z] INFO: Started refreshing application (/) commands.
[2025-09-12T16:07:46.747Z] INFO: Successfully reloaded application (/) commands.
[2025-09-12T16:07:47.602Z] INFO: Bot logged in successfully
[2025-09-12T16:07:47.605Z] INFO: Bot is ready | {"username":"Invite Tracking#0422"}
[2025-09-12T16:17:01.457Z] INFO: Loaded 6 commands
[2025-09-12T16:17:01.459Z] INFO: Loaded 4 events
[2025-09-12T16:17:01.459Z] INFO: Started refreshing application (/) commands.
[2025-09-12T16:17:01.742Z] INFO: Successfully reloaded application (/) commands.
[2025-09-12T16:17:02.422Z] INFO: Bot logged in successfully
[2025-09-12T16:17:02.424Z] INFO: Bot is ready | {"username":"Invite Tracking#0422"}
[2025-09-12T16:18:26.305Z] INFO: Received SIGTERM, shutting down gracefully...
[2025-09-12T16:18:26.306Z] INFO: Received SIGTERM, shutting down gracefully...
[2025-09-12T16:18:52.037Z] INFO: Loaded 6 commands
[2025-09-12T16:18:52.040Z] INFO: Loaded 4 events
[2025-09-12T16:18:52.040Z] INFO: Started refreshing application (/) commands.
[2025-09-12T16:18:52.369Z] INFO: Successfully reloaded application (/) commands.
[2025-09-12T16:18:53.227Z] INFO: Bot logged in successfully
[2025-09-12T16:18:53.233Z] INFO: Bot is ready | {"username":"Invite Tracking#0422"}
[2025-09-12T16:19:14.746Z] INFO: Received SIGINT, shutting down gracefully...
[2025-09-12T16:19:26.993Z] INFO: Loaded 6 commands
[2025-09-12T16:19:26.995Z] INFO: Loaded 4 events
[2025-09-12T16:19:26.995Z] INFO: Started refreshing application (/) commands.
[2025-09-12T16:19:27.256Z] INFO: Successfully reloaded application (/) commands.
[2025-09-12T16:19:27.931Z] INFO: Bot logged in successfully
[2025-09-12T16:19:27.936Z] INFO: Bot is ready | {"username":"Invite Tracking#0422"}
[2025-09-12T16:19:34.513Z] INFO: Received SIGINT, shutting down gracefully...
[2025-09-12T16:19:35.491Z] INFO: Loaded 6 commands
[2025-09-12T16:19:35.492Z] INFO: Loaded 4 events
[2025-09-12T16:19:35.492Z] INFO: Started refreshing application (/) commands.
[2025-09-12T16:19:35.926Z] INFO: Successfully reloaded application (/) commands.
[2025-09-12T16:19:36.630Z] INFO: Bot logged in successfully
[2025-09-12T16:19:36.635Z] INFO: Bot is ready | {"username":"Invite Tracking#0422"}
[2025-09-12T16:19:38.666Z] INFO: Received SIGINT, shutting down gracefully...
[2025-09-12T16:22:13.351Z] INFO: Loaded 6 commands
[2025-09-12T16:22:13.355Z] INFO: Loaded 4 events
[2025-09-12T16:22:13.355Z] INFO: Started refreshing application (/) commands.
[2025-09-12T16:22:13.719Z] INFO: Successfully reloaded application (/) commands.
[2025-09-12T16:22:14.541Z] INFO: Bot logged in successfully
[2025-09-12T16:22:14.550Z] INFO: Bot is ready | {"username":"Invite Tracking#0422"}
